<?xml version="1.0" encoding="utf-8"?><testsuites name="pytest tests"><testsuite name="pytest" errors="0" failures="0" skipped="0" tests="12" time="0.272" timestamp="2026-06-14T19:27:56.151573+08:00" hostname="MikhaelS"><testcase classname="tests.db.test_smoke" name="test_base_imports" time="0.010" /><testcase classname="tests.db.test_smoke" name="test_base_is_declarative" time="0.001" /><testcase classname="tests.db.test_smoke" name="test_db_connection" time="0.125" /><testcase classname="tests.db.test_smoke" name="test_pgvector_extension" time="0.004" /><testcase classname="tests.providers.test_smoke" name="test_llm_provider_protocol_methods" time="0.001" /><testcase classname="tests.providers.test_smoke" name="test_fake_llm_provider_complete" time="0.001" /><testcase classname="tests.providers.test_smoke" name="test_fake_llm_provider_embed" time="0.001" /><testcase classname="tests.providers.test_smoke" name="test_fake_llm_provider_caption" time="0.001" /><testcase classname="tests.test_smoke" name="test_package_imports" time="0.000" /><testcase classname="tests.test_smoke" name="test_exception_hierarchy" time="0.001" /><testcase classname="tests.test_smoke" name="test_settings_defaults" time="0.011" /><testcase classname="tests.test_smoke" name="test_fastapi_app_creates" time="0.008" /></testsuite></testsuites>