<?xml version="1.0" encoding="utf-8"?><testsuites name="pytest tests"><testsuite name="pytest" errors="0" failures="1" skipped="0" tests="75" time="7.446" timestamp="2026-06-15T10:34:06.229518+08:00" hostname="MikhaelS"><testcase classname="tests.db.test_migration" name="test_upgrade_creates_all_tables" time="0.444" /><testcase classname="tests.db.test_migration" name="test_upgrade_creates_hnsw_indexes" time="0.314"><failure message="AssertionError: index idx_chunks_embedding_hnsw missing after upgrade&#10;assert False">migration_engine = &lt;sqlalchemy.ext.asyncio.engine.AsyncEngine object at 0x7c24837b1910&gt;

    async def test_upgrade_creates_hnsw_indexes(
        migration_engine: AsyncEngine,
    ) -&gt; None:
        await _run_upgrade(migration_engine)
        async with migration_engine.connect() as conn:
            for idx in _EXPECTED_HNSW_INDEXES:
                msg = f"index {idx} missing after upgrade"
&gt;               assert await _index_exists(conn, idx), msg
E               AssertionError: index idx_chunks_embedding_hnsw missing after upgrade
E               assert False

tests/db/test_migration.py:138: AssertionError</failure></testcase><testcase classname="tests.db.test_migration" name="test_downgrade_removes_all_tables" time="0.388" /><testcase classname="tests.db.test_migration" name="test_downgrade_removes_hnsw_indexes" time="0.398" /><testcase classname="tests.db.test_migration" name="test_upgrade_sets_status_defaults" time="0.328" /><testcase classname="tests.db.test_models" name="test_sources_table_exists" time="0.208" /><testcase classname="tests.db.test_models" name="test_chunks_table_exists" time="0.003" /><testcase classname="tests.db.test_models" name="test_entities_table_exists" time="0.003" /><testcase classname="tests.db.test_models" name="test_relations_table_exists" time="0.003" /><testcase classname="tests.db.test_models" name="test_chunk_entities_table_exists" time="0.003" /><testcase classname="tests.db.test_models" name="test_wiki_pages_table_exists" time="0.003" /><testcase classname="tests.db.test_models" name="test_wiki_page_entities_table_exists" time="0.003" /><testcase classname="tests.db.test_models" name="test_jobs_table_exists" time="0.003" /><testcase classname="tests.db.test_models" name="test_sources_status_default_is_pending" time="0.007" /><testcase classname="tests.db.test_models" name="test_chunks_status_default_is_pending" time="0.005" /><testcase classname="tests.db.test_models" name="test_entities_status_default_is_published" time="0.004" /><testcase classname="tests.db.test_models" name="test_relations_status_default_is_published" time="0.004" /><testcase classname="tests.db.test_models" name="test_wiki_pages_status_default_is_published" time="0.004" /><testcase classname="tests.db.test_models" name="test_jobs_status_default_is_pending" time="0.004" /><testcase classname="tests.db.test_models" name="test_chunks_composite_index_exists" time="0.004" /><testcase classname="tests.db.test_models" name="test_relations_composite_index_exists" time="0.004" /><testcase classname="tests.db.test_models" name="test_jobs_composite_index_exists" time="0.004" /><testcase classname="tests.db.test_models" name="test_chunk_entities_indexes_exist" time="0.004" /><testcase classname="tests.db.test_models" name="test_wiki_page_entities_indexes_exist" time="0.004" /><testcase classname="tests.db.test_models" name="test_wiki_pages_slug_unique" time="0.004" /><testcase classname="tests.db.test_models" name="test_wiki_pages_entity_id_unique" time="0.003" /><testcase classname="tests.db.test_models" name="test_create_source_and_chunk" time="0.046" /><testcase classname="tests.db.test_models" name="test_create_entity_and_relation" time="0.017" /><testcase classname="tests.db.test_models" name="test_create_wiki_page" time="0.013" /><testcase classname="tests.db.test_models" name="test_create_job" time="0.010" /><testcase classname="tests.db.test_models" name="test_chunk_entity_link" time="0.014" /><testcase classname="tests.db.test_models" name="test_wiki_page_entity_link" time="0.014" /><testcase classname="tests.db.test_smoke" name="test_base_imports" time="0.001" /><testcase classname="tests.db.test_smoke" name="test_base_is_declarative" time="0.001" /><testcase classname="tests.db.test_smoke" name="test_db_connection" time="0.003" /><testcase classname="tests.db.test_smoke" name="test_pgvector_extension" time="0.003" /><testcase classname="tests.ingest.test_parsing.TestCountTokens" name="test_empty_string" time="0.001" /><testcase classname="tests.ingest.test_parsing.TestCountTokens" name="test_short_string" time="0.001" /><testcase classname="tests.ingest.test_parsing.TestCountTokens" name="test_exact_boundary" time="0.001" /><testcase classname="tests.ingest.test_parsing.TestCountTokens" name="test_rough_approximation" time="0.001" /><testcase classname="tests.ingest.test_parsing.TestSplitBySections" name="test_empty_sections" time="0.001" /><testcase classname="tests.ingest.test_parsing.TestSplitBySections" name="test_single_small_section" time="0.001" /><testcase classname="tests.ingest.test_parsing.TestSplitBySections" name="test_multiple_sections" time="0.001" /><testcase classname="tests.ingest.test_parsing.TestSplitBySections" name="test_overlap_between_chunks" time="0.001" /><testcase classname="tests.ingest.test_parsing.TestSplitBySections" name="test_very_long_single_section_paragraph_split" time="0.001" /><testcase classname="tests.ingest.test_parsing.TestSplitBySections" name="test_no_heading_metadata" time="0.001" /><testcase classname="tests.ingest.test_parsing.TestSimpleParser" name="test_txt_section_split" time="0.001" /><testcase classname="tests.ingest.test_parsing.TestSimpleParser" name="test_md_heading_split" time="0.001" /><testcase classname="tests.ingest.test_parsing.TestSimpleParser" name="test_empty_file" time="0.001" /><testcase classname="tests.ingest.test_parsing.TestSimpleParser" name="test_no_heading_plain_text" time="0.001" /><testcase classname="tests.ingest.test_parsing.TestPdfParser" name="test_text_extraction" time="0.469" /><testcase classname="tests.ingest.test_parsing.TestPdfParser" name="test_image_detection" time="0.506" /><testcase classname="tests.ingest.test_parsing.TestPdfParser" name="test_image_chunk_fields" time="0.486" /><testcase classname="tests.ingest.test_parsing.TestPdfParser" name="test_empty_pdf" time="0.934" /><testcase classname="tests.ingest.test_parsing.TestPdfParser" name="test_source_filename_set" time="0.482" /><testcase classname="tests.ingest.test_parsing.TestPdfParser" name="test_doc_id_format" time="0.542" /><testcase classname="tests.ingest.test_parsing.TestParseDocument" name="test_routes_pdf_by_mime" time="0.516" /><testcase classname="tests.ingest.test_parsing.TestParseDocument" name="test_routes_txt_by_mime" time="0.001" /><testcase classname="tests.ingest.test_parsing.TestParseDocument" name="test_routes_md_by_mime" time="0.001" /><testcase classname="tests.ingest.test_parsing.TestParseDocument" name="test_override_to_simple" time="0.004" /><testcase classname="tests.ingest.test_parsing.TestParseDocument" name="test_override_to_pdf" time="0.089" /><testcase classname="tests.ingest.test_parsing.TestParseDocument" name="test_nonexistent_file" time="0.001" /><testcase classname="tests.ingest.test_parsing.TestParseDocument" name="test_empty_source_metadata" time="0.001" /><testcase classname="tests.ingest.test_parsing.TestParseDocument" name="test_unknown_engine_override" time="0.004" /><testcase classname="tests.ingest.test_parsing.TestErrorHandling" name="test_unreadable_file" time="0.001" /><testcase classname="tests.ingest.test_parsing.TestErrorHandling" name="test_empty_file_path" time="0.001" /><testcase classname="tests.ingest.test_parsing.TestErrorHandling" name="test_invalid_pdf_bytes" time="0.002" /><testcase classname="tests.providers.test_smoke" name="test_llm_provider_protocol_methods" time="0.001" /><testcase classname="tests.providers.test_smoke" name="test_fake_llm_provider_complete" time="0.001" /><testcase classname="tests.providers.test_smoke" name="test_fake_llm_provider_embed" time="0.001" /><testcase classname="tests.providers.test_smoke" name="test_fake_llm_provider_caption" time="0.001" /><testcase classname="tests.test_smoke" name="test_package_imports" time="0.001" /><testcase classname="tests.test_smoke" name="test_exception_hierarchy" time="0.001" /><testcase classname="tests.test_smoke" name="test_settings_defaults" time="0.008" /><testcase classname="tests.test_smoke" name="test_fastapi_app_creates" time="0.041" /></testsuite></testsuites>